{"level":"info","message":"Express server listening on port 1337","timestamp":"2018-01-12T20:00:46.153Z"}
{"level":"error","message":"Connection error: failed to connect to server [localhost:27017] on first connect [MongoError: connect ECONNREFUSED 127.0.0.1:27017]","timestamp":"2018-01-12T20:00:47.169Z"}
{"level":"info","message":"Express server listening on port 1337","timestamp":"2018-01-12T20:07:48.325Z"}
{"level":"error","message":"Connection error: failed to connect to server [localhost:27017] on first connect [MongoError: connect ECONNREFUSED 127.0.0.1:27017]","timestamp":"2018-01-12T20:07:49.341Z"}
{"level":"info","message":"Express server listening on port 1337","timestamp":"2018-01-12T20:26:55.386Z"}
{"level":"error","message":"Connection error: failed to connect to server [localhost:27017] on first connect [MongoError: connect ECONNREFUSED 127.0.0.1:27017]","timestamp":"2018-01-12T20:26:56.402Z"}
{"level":"info","message":"Express server listening on port 3000","timestamp":"2018-01-12T20:27:42.656Z"}
{"level":"info","message":"Connected to DB!","timestamp":"2018-01-12T20:27:43.234Z"}
{"level":"info","message":"Express server listening on port 3000","timestamp":"2018-01-12T20:30:42.359Z"}
{"level":"info","message":"Connected to DB!","timestamp":"2018-01-12T20:30:42.903Z"}
{"level":"info","message":"Express server listening on port 3000","timestamp":"2018-01-12T20:31:04.133Z"}
{"level":"info","message":"Connected to DB!","timestamp":"2018-01-12T20:31:04.558Z"}
{"level":"info","message":"Express server listening on port 3000","timestamp":"2018-01-12T20:31:37.054Z"}
{"level":"info","message":"Connected to DB!","timestamp":"2018-01-12T20:31:37.473Z"}
{"level":"info","message":"Express server listening on port 3000","timestamp":"2018-01-12T20:32:05.419Z"}
{"level":"info","message":"Connected to DB!","timestamp":"2018-01-12T20:32:05.855Z"}
{"level":"info","message":"Express server listening on port 3000","timestamp":"2018-01-12T20:36:21.564Z"}
{"level":"info","message":"Connected to DB!","timestamp":"2018-01-12T20:36:22.120Z"}
{"level":"info","message":"Express server listening on port 3000","timestamp":"2018-01-12T20:37:22.598Z"}
{"level":"info","message":"Connected to DB!","timestamp":"2018-01-12T20:37:23.016Z"}
{"level":"info","message":"Express server listening on port 3000","timestamp":"2018-01-12T20:46:31.727Z"}
{"level":"info","message":"Connected to DB!","timestamp":"2018-01-12T20:46:32.360Z"}
{"level":"info","message":"Express server listening on port 3000","timestamp":"2018-01-12T20:48:10.377Z"}
{"level":"info","message":"Connected to DB!","timestamp":"2018-01-12T20:48:11.064Z"}
{"level":"info","message":"Express server listening on port 3000","timestamp":"2018-01-12T20:48:58.861Z"}
{"level":"info","message":"Connected to DB!","timestamp":"2018-01-12T20:48:59.301Z"}
{"level":"info","message":"Express server listening on port 3000","timestamp":"2018-01-12T20:49:35.179Z"}
{"level":"info","message":"Connected to DB!","timestamp":"2018-01-12T20:49:35.599Z"}
{"level":"info","message":"Express server listening on port 3000","timestamp":"2018-01-12T20:53:30.227Z"}
{"level":"info","message":"Connected to DB!","timestamp":"2018-01-12T20:53:30.779Z"}
{"level":"info","message":"Express server listening on port 3000","timestamp":"2018-01-12T20:55:53.635Z"}
{"level":"info","message":"Connected to DB!","timestamp":"2018-01-12T20:55:54.171Z"}
{"level":"info","message":"Express server listening on port 3000","timestamp":"2018-01-12T21:01:13.194Z"}
{"level":"info","message":"Connected to DB!","timestamp":"2018-01-12T21:01:13.768Z"}
{"level":"info","message":"Express server listening on port 3000","timestamp":"2018-01-12T21:01:51.983Z"}
{"level":"info","message":"Connected to DB!","timestamp":"2018-01-12T21:01:52.436Z"}
{"level":"info","message":"Express server listening on port 3000","timestamp":"2018-01-12T21:02:18.016Z"}
{"level":"info","message":"Connected to DB!","timestamp":"2018-01-12T21:02:18.446Z"}
{"level":"info","message":"Express server listening on port 3000","timestamp":"2018-01-12T21:04:19.318Z"}
{"level":"info","message":"Connected to DB!","timestamp":"2018-01-12T21:04:19.940Z"}
{"level":"info","message":"Express server listening on port 3000","timestamp":"2018-01-12T21:07:41.619Z"}
{"level":"info","message":"Connected to DB!","timestamp":"2018-01-12T21:07:42.181Z"}
{"level":"info","message":"Express server listening on port 3000","timestamp":"2018-01-12T21:12:08.180Z"}
{"level":"info","message":"Express server listening on port 3000","timestamp":"2018-01-12T21:12:27.388Z"}
{"level":"info","message":"Connected to DB!","timestamp":"2018-01-12T21:12:27.827Z"}
{"level":"info","message":"Express server listening on port 3000","timestamp":"2018-01-12T21:14:32.331Z"}
{"level":"info","message":"Connected to DB!","timestamp":"2018-01-12T21:14:32.894Z"}
{"level":"info","message":"Express server listening on port 3000","timestamp":"2018-01-12T21:14:56.609Z"}
{"level":"info","message":"Connected to DB!","timestamp":"2018-01-12T21:14:57.043Z"}
{"level":"info","message":"Express server listening on port 3000","timestamp":"2018-01-12T21:16:05.148Z"}
{"level":"info","message":"Connected to DB!","timestamp":"2018-01-12T21:16:05.694Z"}
{"level":"info","message":"Express server listening on port 3000","timestamp":"2018-01-12T21:16:25.405Z"}
{"level":"error","message":"Connection error: failed to connect to server [undefined:27017] on first connect [MongoError: getaddrinfo ENOTFOUND undefined undefined:27017]","timestamp":"2018-01-12T21:16:27.905Z"}
{"level":"info","message":"Express server listening on port 3000","timestamp":"2018-01-12T21:16:44.454Z"}
{"level":"info","message":"Connected to DB!","timestamp":"2018-01-12T21:16:44.896Z"}
{"level":"info","message":"Express server listening on port 3000","timestamp":"2018-01-12T21:21:24.414Z"}
{"level":"info","message":"Connected to DB!","timestamp":"2018-01-12T21:21:25.328Z"}
{"level":"info","message":"Express server listening on port 3000","timestamp":"2018-01-12T21:23:30.984Z"}
{"level":"info","message":"Connected to DB!","timestamp":"2018-01-12T21:23:31.526Z"}
{"level":"info","message":"Express server listening on port 3000","timestamp":"2018-01-12T21:24:16.907Z"}
{"level":"info","message":"Connected to DB!","timestamp":"2018-01-12T21:24:17.345Z"}
{"level":"info","message":"Express server listening on port 3000","timestamp":"2018-01-12T21:41:53.073Z"}
{"level":"info","message":"Connected to DB!","timestamp":"2018-01-12T21:41:53.519Z"}
{"level":"info","message":"Express server listening on port 3000","timestamp":"2018-01-12T23:08:33.530Z"}
{"level":"info","message":"Connected to DB!","timestamp":"2018-01-12T23:08:34.106Z"}
{"level":"info","message":"Express server listening on port 3000","timestamp":"2018-01-15T11:09:05.419Z"}
{"level":"info","message":"Connected to DB!","timestamp":"2018-01-15T11:09:05.849Z"}
{"level":"info","message":"Express server listening on port 3000","timestamp":"2018-01-15T17:03:06.132Z"}
{"level":"info","message":"Connected to DB!","timestamp":"2018-01-15T17:03:06.671Z"}
{"level":"info","message":"Express server listening on port 3000","timestamp":"2018-01-15T17:03:09.881Z"}
{"level":"info","message":"Connected to DB!","timestamp":"2018-01-15T17:03:10.406Z"}
{"level":"info","message":"Connected to DB!","timestamp":"2018-01-15T17:03:39.531Z"}
{"level":"info","message":"New user - nullso:qwr23fdfSFhgjh435gfddf95","timestamp":"2018-01-15T17:03:40.809Z"}
{"level":"info","message":"New client - android:qwe12FFGhgfh44SDDfgnmh6Hg54","timestamp":"2018-01-15T17:03:40.809Z"}
{"level":"info","message":"Express server listening on port 3000","timestamp":"2018-01-15T17:06:34.610Z"}
{"level":"info","message":"Connected to DB!","timestamp":"2018-01-15T17:06:35.236Z"}
{"level":"info","message":"Connected to DB!","timestamp":"2018-01-15T17:06:39.645Z"}
{"level":"info","message":"New user - nullsoUser:qwr23fdfSFhgjh435gfddf95","timestamp":"2018-01-15T17:06:40.807Z"}
{"level":"info","message":"New client - android:qwe12FFGhgfh44SDDfgnmh6Hg54","timestamp":"2018-01-15T17:06:41.152Z"}
{"level":"info","message":"Connected to DB!","timestamp":"2018-01-15T17:08:34.656Z"}
{"level":"info","message":"New user - admin:qwr23fdfSFhgjh435gfddf95","timestamp":"2018-01-15T17:08:35.821Z"}
{"level":"info","message":"New client - android:qwe12FFGhgfh44SDDfgnmh6Hg54","timestamp":"2018-01-15T17:08:35.821Z"}
{"level":"info","message":"Express server listening on port 3000","timestamp":"2018-01-15T17:08:49.371Z"}
{"level":"info","message":"Connected to DB!","timestamp":"2018-01-15T17:08:49.822Z"}
{"level":"info","message":"Express server listening on port 3000","timestamp":"2018-01-15T17:09:34.737Z"}
{"level":"info","message":"Connected to DB!","timestamp":"2018-01-15T17:09:35.230Z"}
{"level":"info","message":"Express server listening on port 3000","timestamp":"2018-01-15T18:48:47.461Z"}
{"level":"info","message":"Connected to DB!","timestamp":"2018-01-15T18:48:48.263Z"}
{"level":"info","message":"Connected to DB!","timestamp":"2018-01-15T18:49:22.752Z"}
{"level":"info","message":"New user - admin:qwr23fdfSFhgjh435gfddf95","timestamp":"2018-01-15T18:49:24.266Z"}
{"level":"info","message":"New client - android:qwe12FFGhgfh44SDDfgnmh6Hg54","timestamp":"2018-01-15T18:49:24.266Z"}
{"level":"info","message":"Express server listening on port 3000","timestamp":"2018-01-15T19:06:00.595Z"}
{"level":"info","message":"Connected to DB!","timestamp":"2018-01-15T19:06:01.367Z"}
{"level":"info","message":"Connected to DB!","timestamp":"2018-01-15T19:06:07.984Z"}
{"level":"info","message":"New client - android:qwe12FFGhgfh44SDDfgnmh6Hg54","timestamp":"2018-01-15T19:06:09.460Z"}
{"level":"info","message":"New user - admin:qwr23fdfSFhgjh435gfddf95","timestamp":"2018-01-15T19:06:09.460Z"}
{"level":"info","message":"Express server listening on port 3000","timestamp":"2018-01-15T19:06:40.757Z"}
{"level":"info","message":"Connected to DB!","timestamp":"2018-01-15T19:06:41.404Z"}
{"level":"info","message":"Connected to DB!","timestamp":"2018-01-15T19:08:48.038Z"}
{"level":"info","message":"New client - android:qwe12FFGhgfh44SDDfgnmh6Hg54","timestamp":"2018-01-15T19:08:49.524Z"}
{"level":"info","message":"New user - admin:qwr23fdfSFhgjh435gfddf95","timestamp":"2018-01-15T19:08:49.524Z"}
{"level":"info","message":"Express server listening on port 3000","timestamp":"2018-01-15T19:31:02.851Z"}
{"level":"info","message":"Connected to DB!","timestamp":"2018-01-15T19:31:03.409Z"}
{"level":"info","message":"Express server listening on port 3000","timestamp":"2018-01-15T21:19:17.713Z"}
{"level":"info","message":"Connected to DB!","timestamp":"2018-01-15T21:19:18.924Z"}
{"level":"info","message":"Express server listening on port 3000","timestamp":"2018-01-15T21:21:36.262Z"}
{"level":"info","message":"Connected to DB!","timestamp":"2018-01-15T21:21:36.780Z"}
{"level":"info","message":"Express server listening on port 3000","timestamp":"2018-01-15T21:22:51.673Z"}
{"level":"info","message":"Connected to DB!","timestamp":"2018-01-15T21:22:52.143Z"}
{"level":"info","message":"Connected to DB!","timestamp":"2018-01-15T21:23:08.910Z"}
{"level":"info","message":"New user - admin:qwr23fdfSFhgjh435gfddf95","timestamp":"2018-01-15T21:23:09.900Z"}
{"level":"info","message":"New client - android:qwe12FFGhgfh44SDDfgnmh6Hg54","timestamp":"2018-01-15T21:23:09.903Z"}
{"level":"info","message":"Express server listening on port 3000","timestamp":"2018-01-15T21:27:59.852Z"}
{"level":"info","message":"Connected to DB!","timestamp":"2018-01-15T21:28:00.423Z"}
{"level":"info","message":"Express server listening on port 3000","timestamp":"2018-01-15T21:54:21.030Z"}
{"level":"info","message":"Connected to DB!","timestamp":"2018-01-15T21:54:21.599Z"}
{"level":"info","message":"Express server listening on port 3000","timestamp":"2018-01-15T23:31:17.188Z"}
{"level":"info","message":"Connected to DB!","timestamp":"2018-01-15T23:31:17.616Z"}
{"level":"info","message":"Express server listening on port 3000","timestamp":"2018-01-15T23:31:50.167Z"}
{"level":"info","message":"Connected to DB!","timestamp":"2018-01-15T23:31:50.576Z"}
{"level":"info","message":"Express server listening on port 3000","timestamp":"2018-01-15T23:35:15.371Z"}
{"level":"info","message":"Connected to DB!","timestamp":"2018-01-15T23:35:15.883Z"}
{"level":"info","message":"Express server listening on port 3010","timestamp":"2018-01-15T23:35:47.362Z"}
{"level":"info","message":"Connected to DB!","timestamp":"2018-01-15T23:35:47.793Z"}
{"level":"info","message":"Express server listening on port 3020","timestamp":"2018-01-15T23:36:41.315Z"}
{"level":"info","message":"Connected to DB!","timestamp":"2018-01-15T23:36:41.734Z"}
{"level":"info","message":"Express server listening on port 3020","timestamp":"2018-01-15T23:37:16.363Z"}
{"level":"info","message":"Connected to DB!","timestamp":"2018-01-15T23:37:16.863Z"}
{"level":"info","message":"Express server listening on port 3020","timestamp":"2018-01-15T23:39:39.313Z"}
{"level":"info","message":"Connected to DB!","timestamp":"2018-01-15T23:39:39.839Z"}
{"level":"info","message":"Express server listening on port 3020","timestamp":"2018-01-15T23:40:10.013Z"}
{"level":"info","message":"Connected to DB!","timestamp":"2018-01-15T23:40:10.446Z"}
{"_reqParsers":[],"_resHandlers":[],"_errHandlers":[],"_exchanges":[],"_serializers":[],"_deserializers":[],"_txnStore":{"legacy":true},"level":"info","message":"","timestamp":"2018-01-15T23:48:57.903Z"}
{"level":"info","message":"Express server listening on port 3020","timestamp":"2018-01-15T23:48:57.963Z"}
{"level":"info","message":"Connected to DB!","timestamp":"2018-01-15T23:48:58.516Z"}
{"level":"info","message":"Express server listening on port 3020","timestamp":"2018-01-15T23:50:10.840Z"}
{"level":"info","message":"Connected to DB!","timestamp":"2018-01-15T23:50:11.255Z"}
{"level":"info","message":"Express server listening on port 3020","timestamp":"2018-01-16T00:15:03.690Z"}
{"level":"info","message":"Connected to DB!","timestamp":"2018-01-16T00:15:04.266Z"}
{"level":"info","message":"Express server listening on port 3020","timestamp":"2018-01-16T00:43:59.123Z"}
{"level":"info","message":"Connected to DB!","timestamp":"2018-01-16T00:43:59.738Z"}
{"level":"info","message":"Express server listening on port 3020","timestamp":"2018-01-16T00:44:30.895Z"}
{"level":"info","message":"Connected to DB!","timestamp":"2018-01-16T00:44:31.304Z"}
{"level":"info","message":"Express server listening on port 3020","timestamp":"2018-01-16T00:44:53.178Z"}
{"level":"info","message":"Connected to DB!","timestamp":"2018-01-16T00:44:53.594Z"}
{"level":"info","message":"Express server listening on port 3020","timestamp":"2018-01-16T00:45:39.194Z"}
{"level":"info","message":"Connected to DB!","timestamp":"2018-01-16T00:45:39.721Z"}
{"level":"info","message":"Express server listening on port 3020","timestamp":"2018-01-16T00:46:55.720Z"}
{"level":"info","message":"Connected to DB!","timestamp":"2018-01-16T00:46:56.144Z"}
{"level":"info","message":"Express server listening on port 3020","timestamp":"2018-01-16T00:49:41.679Z"}
{"level":"info","message":"Connected to DB!","timestamp":"2018-01-16T00:49:42.207Z"}
{"level":"info","message":"Express server listening on port 3020","timestamp":"2018-01-16T00:50:51.430Z"}
{"level":"info","message":"Connected to DB!","timestamp":"2018-01-16T00:50:51.891Z"}
{"level":"info","message":"Express server listening on port 3020","timestamp":"2018-01-16T00:51:47.260Z"}
{"level":"info","message":"Connected to DB!","timestamp":"2018-01-16T00:51:47.774Z"}
{"level":"info","message":"Express server listening on port 3020","timestamp":"2018-01-16T01:20:58.719Z"}
{"level":"info","message":"Connected to DB!","timestamp":"2018-01-16T01:20:59.312Z"}
{"level":"error","message":"GET 500 Unknown authentication strategy \"basic\"","timestamp":"2018-01-16T01:21:37.991Z"}
{"level":"error","message":"GET 500 Unknown authentication strategy \"basic\"","timestamp":"2018-01-16T01:23:55.732Z"}
{"level":"info","message":"Express server listening on port 3020","timestamp":"2018-01-16T01:25:08.431Z"}
{"level":"info","message":"Connected to DB!","timestamp":"2018-01-16T01:25:08.974Z"}
{"level":"info","message":"Express server listening on port 3020","timestamp":"2018-01-16T01:27:46.614Z"}
{"level":"info","message":"Connected to DB!","timestamp":"2018-01-16T01:27:47.146Z"}
{"level":"info","message":"Express server listening on port 8000","timestamp":"2018-01-16T01:28:18.807Z"}
{"level":"info","message":"Connected to DB!","timestamp":"2018-01-16T01:28:19.231Z"}
{"level":"info","message":"Express server listening on port 8000","timestamp":"2018-01-16T01:30:16.401Z"}
{"level":"info","message":"Connected to DB!","timestamp":"2018-01-16T01:30:16.989Z"}
{"level":"info","message":"Express server listening on port 8001","timestamp":"2018-01-16T01:31:04.104Z"}
{"level":"info","message":"Connected to DB!","timestamp":"2018-01-16T01:31:04.525Z"}
{"level":"info","message":"Express server listening on port 8001","timestamp":"2018-01-16T01:38:02.064Z"}
{"level":"info","message":"Connected to DB!","timestamp":"2018-01-16T01:38:02.632Z"}
{"level":"info","message":"Express server listening on port 8001","timestamp":"2018-01-16T01:38:31.296Z"}
{"level":"info","message":"Connected to DB!","timestamp":"2018-01-16T01:38:31.736Z"}
{"level":"info","message":"Express server listening on port 8001","timestamp":"2018-01-16T01:38:54.923Z"}
{"level":"info","message":"Connected to DB!","timestamp":"2018-01-16T01:38:55.351Z"}
{"level":"info","message":"Express server listening on port 8001","timestamp":"2018-01-16T01:40:16.959Z"}
{"level":"info","message":"Connected to DB!","timestamp":"2018-01-16T01:40:17.535Z"}
{"level":"info","message":"Express server listening on port 8001","timestamp":"2018-01-16T01:42:01.702Z"}
{"level":"info","message":"Connected to DB!","timestamp":"2018-01-16T01:42:02.251Z"}
{"level":"info","message":"Express server listening on port 8001","timestamp":"2018-01-16T02:10:54.914Z"}
{"level":"info","message":"Connected to DB!","timestamp":"2018-01-16T02:10:55.980Z"}
